<?xml version="1.0" encoding="UTF-8"?>
<beans xmlns="http://www.springframework.org/schema/beans"  
xmlns:xsi="http://www.w3.org/2001/XMLSchema-instance"
xsi:schemaLocation="http://www.springframework.org/schema/beans  
http://www.springframework.org/schema/beans/spring-beans.xsd">

<!--  스프링 컨테이너 내에 디자인한 객체 클래스를 등록 -->
<bean id="test" class="basic.SpringTest"/>

<!-- Hotel 객체와 의존객체들의 빈 등록 및 의존성 주입 -->
<bean id="chef" class="basic.ex01.Chef"/>

<!-- 
	property name="set을 제외한 setter 메서드의 이름"
	setter 메서드의 이름은 대부분 관례적으로 set + 멤버변수 이름
	이기 때문에 변수명이라고 편하게 얘기한 겁니다. 사실은 setter 메서드의
	이름이 들어가는 게 맞습니다.
 -->

<bean id="res" class="basic.ex01.Restaurant">
	<property name="chef" ref="chef" />
</bean>
	
<bean id="hotel" class="basic.ex01.Hotel">
	<constructor-arg ref="res"/>
</bean>

</beans>